<?xml version="1.0" encoding="UTF-8"?>
<!-- Generated by org.testng.reporters.JUnitReportReporter -->
<testsuite skipped="0" hostname="TCMX-YZLM-EO" name="tests.MainTests" tests="10" failures="0" timestamp="2022-06-30T20:04:05 TRT" time="238.799" errors="0">
  <testcase name="commentToProductSite" time="13.880" classname="tests.MainTests"/>
  <system-out/>
  <testcase name="sortToAlphabeticallyZtoASite" time="1.891" classname="tests.MainTests"/>
  <system-out/>
  <testcase name="productReturnTestSite" time="40.898" classname="tests.MainTests"/>
  <system-out/>
  <testcase name="purchaseNumberOrderSite" time="51.037" classname="tests.MainTests"/>
  <system-out/>
  <testcase name="addressAssertSite" time="21.478" classname="tests.MainTests"/>
  <system-out/>
  <testcase name="sortToAlphabeticallyAtoZSite" time="2.566" classname="tests.MainTests"/>
  <system-out/>
  <testcase name="orderAddBasketSite" time="84.489" classname="tests.MainTests"/>
  <system-out/>
  <testcase name="sortByPriceUpSite" time="1.845" classname="tests.MainTests"/>
  <system-out/>
  <testcase name="productAmountSite" time="13.566" classname="tests.MainTests"/>
  <system-out/>
  <testcase name="orderDateSite" time="7.149" classname="tests.MainTests"/>
  <system-out/>
</testsuite> <!-- tests.MainTests -->
