<?xml version="1.0" encoding="UTF-8"?>
<!-- Generated by org.testng.reporters.JUnitReportReporter -->
<testsuite skipped="0" hostname="TCMX-YZLM-EO" name="tests.MainTests" tests="10" failures="0" timestamp="2022-06-29T11:43:50 TRT" time="178.147" errors="0">
  <testcase name="sortToAlphabeticallyAtoZSite" time="2.351" classname="tests.MainTests"/>
  <system-out/>
  <testcase name="purchaseNumberOrderSite" time="45.143" classname="tests.MainTests"/>
  <system-out/>
  <testcase name="productAmountSite" time="12.164" classname="tests.MainTests"/>
  <system-out/>
  <testcase name="birthdayTestSite" time="7.349" classname="tests.MainTests"/>
  <system-out/>
  <testcase name="sortByPriceUpSite" time="1.394" classname="tests.MainTests"/>
  <system-out/>
  <testcase name="addressAssertSite" time="14.621" classname="tests.MainTests"/>
  <system-out/>
  <testcase name="orderAddBasketSite" time="76.392" classname="tests.MainTests"/>
  <system-out/>
  <testcase name="orderDateSite" time="4.624" classname="tests.MainTests"/>
  <system-out/>
  <testcase name="sortToAlphabeticallyZtoASite" time="1.917" classname="tests.MainTests"/>
  <system-out/>
  <testcase name="commentToProductSite" time="12.192" classname="tests.MainTests"/>
  <system-out/>
</testsuite> <!-- tests.MainTests -->
